<?xml version="1.0" encoding="UTF-8"?>
<!-- Generated by org.testng.reporters.JUnitReportReporter -->
<testsuite hostname="Kafeels-MacBook-Air.local" failures="0" tests="1" name="TestNGTest" time="0.013" errors="0" timestamp="2020-02-21T05:12:56 IST" skipped="0">
  <testcase classname="TestNGTest" name="testMethod" time="0.013"/>
</testsuite> <!-- TestNGTest -->
